eaee3c87be363e5b517059743b3ddb28ae707ee78b0ad7043c4928cebf39cd62 ===== eaee3c87be363e5b517059743b3ddb28ae707ee78b0ad7043c4928cebf39cd62
2024.03.08 14.36.32 ZRDN2 target detected 3 3929fe
6f1c91cf00919b7a485ef928321ae678abb9089bc006495aa52aa4f20664ccd7 ===== 6f1c91cf00919b7a485ef928321ae678abb9089bc006495aa52aa4f20664ccd7
2024.03.08 14.36.32 ZRDN1 target detected 3 1f9b46
1c75494cc147f69e0e6832cfb84c28af25dfe9971eb1e4d459ec1b689e1a4d0a ===== 1c75494cc147f69e0e6832cfb84c28af25dfe9971eb1e4d459ec1b689e1a4d0a
2024.03.08 14.36.32 ZRDN2 shot at target 3 3929fe
aad6ba327754a2e137fa669014f5d9dbba6b4c0fb283dfd14fe549d549b3e9e7 ===== aad6ba327754a2e137fa669014f5d9dbba6b4c0fb283dfd14fe549d549b3e9e7
2024.03.08 14.36.32 PRO1 target detected 3 3929fe
ae7f1719181cc6b17f15df9fbfdd56a14829d0939c19103b761488f4cc5e74ad ===== ae7f1719181cc6b17f15df9fbfdd56a14829d0939c19103b761488f4cc5e74ad
2024.03.08 14.36.32 ZRDN1 shot at target 3 1f9b46
4665295b16d2658335212144e43ebe23b29c6486922206f2953808a2b26c03fc ===== 4665295b16d2658335212144e43ebe23b29c6486922206f2953808a2b26c03fc
2024.03.08 14.36.32 PRO1 target detected 2 464271
6471b174da82f5d0c05771b4e0bb70d3e6800d6cb6bc6950263cdf76e537bea4 ===== 6471b174da82f5d0c05771b4e0bb70d3e6800d6cb6bc6950263cdf76e537bea4
2024.03.08 14.36.32 ZRDN3 target detected 1 3fed71
40f524db69050ab8f3734995f316c6733f8b6c31f712399bb4fffdfec00ce9e6 ===== 40f524db69050ab8f3734995f316c6733f8b6c31f712399bb4fffdfec00ce9e6
2024.03.08 14.36.32 PRO1 target detected 3 1f9b46
4776e767ce078fd43d26d84098606c47b09d95e9c099a855811ef7621d40c73a ===== 4776e767ce078fd43d26d84098606c47b09d95e9c099a855811ef7621d40c73a
2024.03.08 14.36.32 PRO1 target detected 1 3fed71
297fc01d3d08c031253afd57341ab8065e9492ee4830b6f9ef639ff56ccc4fdb ===== 297fc01d3d08c031253afd57341ab8065e9492ee4830b6f9ef639ff56ccc4fdb
2024.03.08 14.36.32 PRO1 shot at target 1 3fed71
1ec4ec95eeb3e8999e2b5b8bc30c1c6223c10b48a57a99ff6b83763c8abe8e90 ===== 1ec4ec95eeb3e8999e2b5b8bc30c1c6223c10b48a57a99ff6b83763c8abe8e90
2024.03.08 14.36.32 PRO1 target detected 2 5a9e08
c020941d1a054a79f003160d4b90f5d4817df3522322ad31a51c9cbcf06d2ff7 ===== c020941d1a054a79f003160d4b90f5d4817df3522322ad31a51c9cbcf06d2ff7
2024.03.08 14.36.32 RLS2 target detected 2 c44f72
91d3077075aac4b000c98a51b700a1101eabf37a899167363600ba6c1e7352e8 ===== 91d3077075aac4b000c98a51b700a1101eabf37a899167363600ba6c1e7352e8
2024.03.08 14.36.32 RLS2 target detected 2 464271
5bcdf600cdc82b9053ab3b51b9a480126a9d9ec61478e88b813a73a913b446c6 ===== 5bcdf600cdc82b9053ab3b51b9a480126a9d9ec61478e88b813a73a913b446c6
2024.03.08 14.36.32 RLS1 target detected 2 7d94b7
3ae983a6af58bb31c6ba32b9fc115bf58c82b7e551f79c12c0a3b9f464ee368a ===== 3ae983a6af58bb31c6ba32b9fc115bf58c82b7e551f79c12c0a3b9f464ee368a
2024.03.08 14.36.32 RLS1 target detected 1 78d267
ba5c57f4c7425e9e669b7db6604c0f913cc137d8431f27e1dac796c36e37671f ===== ba5c57f4c7425e9e669b7db6604c0f913cc137d8431f27e1dac796c36e37671f
2024.03.08 14.36.32 RLS3 target detected 1 3fed71
58ac00bc0903898ba453d0515243bd957cf0e390db52d2fad758f4efdcb9c52b ===== 58ac00bc0903898ba453d0515243bd957cf0e390db52d2fad758f4efdcb9c52b
2024.03.08 14.36.32 RLS3 target moves to PRO 1 3fed71
832039953c53645e897cb419d5ebdf199212c2514af8ba43f6f3ced0d93fb79f ===== 832039953c53645e897cb419d5ebdf199212c2514af8ba43f6f3ced0d93fb79f
2024.03.08 14.36.32 RLS2 target detected 2 7a8d8c
975206c258f9c05422530206d0b867aee342eb7f39f1aaf853871d877fad928b ===== 975206c258f9c05422530206d0b867aee342eb7f39f1aaf853871d877fad928b
2024.03.08 14.36.33 RLS2 target detected 2 231397
a0e579c1a82e4ae37717ee175ff25b26617b9665fb059b3b648c7682155796ff ===== a0e579c1a82e4ae37717ee175ff25b26617b9665fb059b3b648c7682155796ff
2024.03.08 14.36.33 RLS2 target detected 1 3fed71
cfa9a4cf4ada8bee64a7adee7ead0bd1a00c10a6f9d09a35455144dbbd7e7279 ===== cfa9a4cf4ada8bee64a7adee7ead0bd1a00c10a6f9d09a35455144dbbd7e7279
2024.03.08 14.36.33 RLS1 target detected 2 55cce6
ba43597314bc5705ca7666d25f3ac113dc751f5052058ef624c4a9134210489e ===== ba43597314bc5705ca7666d25f3ac113dc751f5052058ef624c4a9134210489e
2024.03.08 14.36.33 RLS2 target moves to PRO 1 3fed71
3edd9579a001394f3e98b35a1542291317d4402d7ad813c73b21f2c4e3c86547 ===== 3edd9579a001394f3e98b35a1542291317d4402d7ad813c73b21f2c4e3c86547
2024.03.08 14.36.33 RLS2 target detected 2 c0f083
eff81b109e0f34c55d3bf093f0d3793941c80529864de987ab60a9f92e26128b ===== eff81b109e0f34c55d3bf093f0d3793941c80529864de987ab60a9f92e26128b
2024.03.08 14.36.33 RLS2 target detected 2 076fe4
2e48c7b07cd296fe30eae955159e35390c72a2cd434fc476560ad38b9aaa8c11 ===== 2e48c7b07cd296fe30eae955159e35390c72a2cd434fc476560ad38b9aaa8c11
2024.03.08 14.36.33 ZRDN2 missed target 3 3929fe
3a3c6787d05e19554dfbc341826d97560899f465f11a14c7a8f46857b62adebf ===== 3a3c6787d05e19554dfbc341826d97560899f465f11a14c7a8f46857b62adebf
2024.03.08 14.36.33 ZRDN1 missed target 3 1f9b46
0f0658b2b6d3d7da94a32ceaff6d4f0eaecc2f3260dea7c36270c55456b02bfa ===== 0f0658b2b6d3d7da94a32ceaff6d4f0eaecc2f3260dea7c36270c55456b02bfa
2024.03.08 14.36.33 ZRDN2 shot at target 3 3929fe
06d624b0a55d966d51e5767080f59d3902bec17d9333e9ffa11d0b61d8d22e43 ===== 06d624b0a55d966d51e5767080f59d3902bec17d9333e9ffa11d0b61d8d22e43
2024.03.08 14.36.33 ZRDN1 shot at target 3 1f9b46
01b50d82112d68bad7e214a78544f0963830d3d434252c02b670bcb6af30b558 ===== 01b50d82112d68bad7e214a78544f0963830d3d434252c02b670bcb6af30b558
2024.03.08 14.36.33 PRO1 missed target 1 3fed71
2499dab6697c631335d38e212e575e552cd7a02d418c562980c62f09c41113a3 ===== 2499dab6697c631335d38e212e575e552cd7a02d418c562980c62f09c41113a3
2024.03.08 14.36.33 ZRDN2 missed target 3 3929fe
c8d05f0ce108f0168f3d27a7a1d5a8b9271de9c506b08b07ff3438ddbf0b74d8 ===== c8d05f0ce108f0168f3d27a7a1d5a8b9271de9c506b08b07ff3438ddbf0b74d8
2024.03.08 14.36.33 PRO1 shot at target 1 3fed71
1aa58a13100bdae1d036bed76dcb712db698d13e7080d434131c9d6845d33056 ===== 1aa58a13100bdae1d036bed76dcb712db698d13e7080d434131c9d6845d33056
2024.03.08 14.36.33 ZRDN2 shot at target 3 3929fe
90f803e9516daaed0ebf4ce96526e2704430759c4e71bfff66c3143151b5aae0 ===== 90f803e9516daaed0ebf4ce96526e2704430759c4e71bfff66c3143151b5aae0
2024.03.08 14.36.33 ZRDN1 missed target 3 1f9b46
56552d6d63f82dac4c8448007fb3c36283a2480cc8c0bb24ef6f14df90248ad2 ===== 56552d6d63f82dac4c8448007fb3c36283a2480cc8c0bb24ef6f14df90248ad2
2024.03.08 14.36.33 ZRDN1 shot at target 3 1f9b46
7a589be306b4b43285f5d898328c3694fb4adbd5597c6ce01b586f756394c8d4 ===== 7a589be306b4b43285f5d898328c3694fb4adbd5597c6ce01b586f756394c8d4
2024.03.08 14.36.34 ZRDN1 target destroyed 3 1f9b46
133bf0a3efd95d1ad4b6b454ee58592084a265716cbddb1e8401406ae10142a5 ===== 133bf0a3efd95d1ad4b6b454ee58592084a265716cbddb1e8401406ae10142a5
2024.03.08 14.36.34 ZRDN2 target destroyed 3 3929fe
1fc7e7a6731ce42adc70a27006e48af8bb5d7573e1ea51600dba72b0567af802 ===== 1fc7e7a6731ce42adc70a27006e48af8bb5d7573e1ea51600dba72b0567af802
2024.03.08 14.36.34 PRO1 target destroyed 1 3fed71
0a5e347092a6041044b7c84253bd409de33ec6709a56005c2848ce51e0a860be ===== 0a5e347092a6041044b7c84253bd409de33ec6709a56005c2848ce51e0a860be
2024.03.08 14.36.37 PRO1 target detected 2 9d01c2
dd856a93977aa579ee23a4d10a42d32a15f8067c4c1c05978548c75e9ef63cbc ===== dd856a93977aa579ee23a4d10a42d32a15f8067c4c1c05978548c75e9ef63cbc
2024.03.08 14.36.37 RLS2 target detected 2 035707
82e6251a54f97fc172480e0cb16f7ca8721875bada1d18cbc9ac338dd59a18ad ===== 82e6251a54f97fc172480e0cb16f7ca8721875bada1d18cbc9ac338dd59a18ad
2024.03.08 14.36.37 RLS2 target detected 2 9d01c2
Terminated
