Бал.блок 	60f62d	29		 Koord 5479000	7841000		Speed 7541	-5629	Ttl160
К.ракета 	28939f	28		 Koord 7149000	2199000		Speed -616	232	Ttl135
Самолет 	91e37d	27		 Koord 4515000	3921000		Speed 63	2	Ttl91
Самолет 	8244a7	26		 Koord 9743000	1845000		Speed -218	75	Ttl97
Бал.блок 	d286f4	25		 Koord 5241000	5170000		Speed -6939	-4802	Ttl61
К.ракета 	4b35a7	24		 Koord 8841000	2882000		Speed -849	206	Ttl14
Самолет 	7e847e	23		 Koord 5205000	5814000		Speed 86	-161	Ttl130
К.ракета 	c4a6f1	22		 Koord 9021000	1970000		Speed -307	818	Ttl136
Самолет 	d27407	21		 Koord 3514000	2120000		Speed 99	90	Ttl101
К.ракета 	59d67d	20		 Koord 3985000	4576000		Speed 728	-140	Ttl134
Бал.блок 	5a5eaa	19		 Koord 5340000	4852000		Speed -965	-8943	Ttl145
Самолет 	e5c58e	18		 Koord 7956000	4631000		Speed -63	-24	Ttl201
Самолет 	ca9d57	17		 Koord 9920000	2316000		Speed -139	18	Ttl181
К.ракета 	50a300	16		 Koord 7520000	5913000		Speed -563	-62	Ttl189
Бал.блок 	d1c812	15		 Koord 7868000	3855000		Speed -6566	6169	Ttl47
Бал.блок 	1a0543	14		 Koord 5236000	3635000		Speed 9099	2034	Ttl216
Самолет 	9bc05e	13		 Koord 4958000	5963000		Speed 166	-16	Ttl66
Самолет 	412229	12		 Koord 9924000	4583000		Speed -95	-51	Ttl208
Бал.блок 	586b6a	11		 Koord 8576000	4040000		Speed 5952	-5927	Ttl10
Самолет 	2a52e9	10		 Koord 9924000	5209000		Speed -100	-71	Ttl176
Самолет 	66f3b6	9		 Koord 7259000	5558000		Speed -91	-95	Ttl134
Самолет 	6acc2d	8		 Koord 8198000	4624000		Speed -85	-19	Ttl61
К.ракета 	59fd88	7		 Koord 9984000	6482000		Speed -628	-538	Ttl96
Самолет 	a93c16	6		 Koord 9380000	3340000		Speed -180	71	Ttl126
К.ракета 	ca2c6b	5		 Koord 9327000	4740000		Speed -298	-230	Ttl200
К.ракета 	cb3061	4		 Koord 7923000	4296000		Speed -246	514	Ttl203
Бал.блок 	8a5a58	3		 Koord 1634000	7642000		Speed 3635	-8081	Ttl16
Бал.блок 	47b587	2		 Koord 1178000	5616000		Speed 8601	4484	Ttl65
Самолет 	40c0ff	1		 Koord 8942000	3191000		Speed -57	113	Ttl207
К.ракета 	11e898	0		 Koord 3857000	4211000		Speed 561	657	Ttl42
Самолет 	91e37d уничт. 		 Koord 4515126	3921004
Самолет 	988a7f	27		 Koord 3713000	2074000		Speed 228	28	Ttl90
Бал.блок 	586b6a мертва 		 Koord 8635520	3980730
К.ракета 	1c1d37	11		 Koord 7184000	6904000		Speed -565	-40	Ttl72
К.ракета 	4b35a7 мертва 		 Koord 8829114	2884884
Самолет 	a3d3ce	24		 Koord 6514000	4072000		Speed -192	77	Ttl77
Бал.блок 	8a5a58 мертва 		 Koord 1692160	7512704
Бал.блок 	799e9a	3		 Koord 12613000	357000		Speed -8408	1246	Ttl296
К.ракета 	11e898 мертва 		 Koord 3880562	4238594
Самолет 	2cd11d	0		 Koord 4065000	4673000		Speed 64	-34	Ttl153
Бал.блок 	d1c812 мертва 		 Koord 7559398	4144943
Самолет 	408dc7	15		 Koord 4970000	4801000		Speed 62	-237	Ttl133
Бал.блок 	d286f4 мертва 		 Koord 4817721	4877078
Самолет 	6acc2d мертва 		 Koord 8192815	4622841
К.ракета 	caff8f	25		 Koord 8578000	3561000		Speed -505	766	Ttl176
Бал.блок 	5b1e7b	8		 Koord 611000	4858000		Speed 7146	-4606	Ttl85
Бал.блок 	47b587 мертва 		 Koord 1737065	5907460
Самолет 	9bc05e мертва 		 Koord 4968956	5961944
К.ракета 	f7cca8	2		 Koord 9300000	5066000		Speed -347	-78	Ttl98
Самолет 	03aada	13		 Koord 4258000	5036000		Speed 99	-2	Ttl12
Самолет 	03aada мертва 		 Koord 4259188	5035976
Бал.блок 	47b9ca	13		 Koord 8214000	5369000		Speed -8840	2948	Ttl195
К.ракета 	1c1d37 мертва 		 Koord 7143320	6901120
Бал.блок 	fb83a4	11		 Koord 2055000	1024000		Speed 6780	5717	Ttl199
Самолет 	a3d3ce мертва 		 Koord 6499216	4077929
Бал.блок 	9b2191	24		 Koord 6425000	7574000		Speed 8030	-4844	Ttl207
Самолет 	988a7f мертва 		 Koord 3733520	2076520
Бал.блок 	4da614	27		 Koord 3447000	5321000		Speed 9387	2249	Ttl103
К.ракета 	59fd88 мертва 		 Koord 9923712	6430352
Самолет 	8244a7 мертва 		 Koord 9721854	1852275
Самолет 	5f11e5	7		 Koord 2801000	6261000		Speed 129	-14	Ttl19
К.ракета 	b1b656	26		 Koord 4129000	4418000		Speed 615	66	Ttl41
Самолет 	d27407 мертва 		 Koord 3523999	2129090
Бал.блок 	75245f	21		 Koord 5995000	1152000		Speed -9534	2856	Ttl156
Самолет 	5f11e5 мертва 		 Koord 2803451	6260734
Бал.блок 	be12f8	7		 Koord 3462000	3435000		Speed 1005	-8252	Ttl143
Бал.блок 	be12f8 уничт. 		 Koord 3465015	3410244
К.ракета 	b34d26	7		 Koord 9607000	5517000		Speed -104	-781	Ttl27
Самолет 	a93c16 мертва 		 Koord 9357320	3348946
Самолет 	5be071	6		 Koord 9342000	3170000		Speed -125	14	Ttl155
Самолет 	7e847e мертва 		 Koord 5216180	5793070
К.ракета 	dc446c	23		 Koord 7902000	2262000		Speed -33	552	Ttl133
К.ракета 	59d67d мертва 		 Koord 4082552	4557240
Самолет 	66f3b6 мертва 		 Koord 7246806	5545270
К.ракета 	28939f мертва 		 Koord 7065840	2230320
К.ракета 	bad7c0	20		 Koord 6905000	7129000		Speed -739	-97	Ttl95
Самолет 	04b260	9		 Koord 8298000	5760000		Speed -87	-129	Ttl160
К.ракета 	faaf44	28		 Koord 3661000	4690000		Speed 539	-14	Ttl71
К.ракета 	c4a6f1 мертва 		 Koord 8979248	2081248
К.ракета 	367fae	22		 Koord 3221000	3529000		Speed 138	676	Ttl185
К.ракета 	b1b656 мертва 		 Koord 4154215	4420706
К.ракета 	2a84d1	26		 Koord 2708000	4085000		Speed 598	109	Ttl128
К.ракета 	2a84d1 уничт. 		 Koord 2709196	4085218
К.ракета 	bcc1e8	26		 Koord 9202000	6603000		Speed -387	-189	Ttl89
Бал.блок 	5a5eaa мертва 		 Koord 5200075	3555265
Бал.блок 	f582b0	19		 Koord 4747000	2268000		Speed 9554	1092	Ttl109
Бал.блок 	5b1e7b мертва 		 Koord 1218410	4466490
К.ракета 	d331e5	8		 Koord 4074000	6277000		Speed 440	-113	Ttl145
К.ракета 	b34d26 мертва 		 Koord 9604192	5495913
Бал.блок 	a3baf9	7		 Koord 5242000	2827000		Speed -6951	-5164	Ttl77
Бал.блок 	60f62d мертва 		 Koord 6685560	6940360
Бал.блок 	93bb67	29		 Koord 5707000	2785000		Speed 8103	-633	Ttl18
К.ракета 	f7cca8 мертва 		 Koord 9265994	5058356
Бал.блок 	bcc374	2		 Koord 8232000	4985000		Speed 9821	1740	Ttl205
Самолет 	2a52e9 мертва 		 Koord 9906400	5196504
К.ракета 	09e2f5	10		 Koord 4366000	2410000		Speed 185	580	Ttl38
Бал.блок 	93bb67 мертва 		 Koord 5852854	2773606
Самолет 	6cab10	29		 Koord 4078000	6909000		Speed 89	-20	Ttl191
Самолет 	ca9d57 мертва 		 Koord 9894841	2319258
Самолет 	408dc7 мертва 		 Koord 4978246	4769479
К.ракета 	fb543a	17		 Koord 9563000	7008000		Speed -333	-431	Ttl107
Бал.блок 	980734	15		 Koord 7010000	8805000		Speed 8226	-2277	Ttl245
К.ракета 	50a300 мертва 		 Koord 7413593	5901282
Самолет 	462362	16		 Koord 7616000	4983000		Speed -100	-111	Ttl23
Самолет 	2cd11d мертва 		 Koord 4074792	4667798
Самолет 	ac1921	0		 Koord 10083000	2341000		Speed -57	161	Ttl87
Бал.блок 	4da614 мертва 		 Koord 4413861	5552647
К.ракета 	78c95e	27		 Koord 9938000	3995000		Speed -425	471	Ttl60
К.ракета 	ca2c6b мертва 		 Koord 9267400	4694000
Самолет 	e5c58e мертва 		 Koord 7943337	4626176
Бал.блок 	9f0f41	5		 Koord 5038000	5758000		Speed 2795	7597	Ttl100
Самолет 	daaf59	18		 Koord 6788000	5087000		Speed -65	-56	Ttl76
К.ракета 	cb3061 мертва 		 Koord 7873062	4400342
К.ракета 	da8486	4		 Koord 8370000	2024000		Speed -266	128	Ttl14
К.ракета 	faaf44 мертва 		 Koord 3699269	4689006
Самолет 	40c0ff мертва 		 Koord 8930201	3214391
Самолет 	45a276	28		 Koord 2859000	2282000		Speed 43	30	Ttl72
Самолет 	412229 мертва 		 Koord 9904240	4572392
Самолет 	beaa53	1		 Koord 6181000	5579000		Speed 100	-33	Ttl128
Бал.блок 	19138b	12		 Koord 3054000	3766000		Speed 9889	-29	Ttl84
Бал.блок 	19138b уничт. 		 Koord 3073778	3765942
Самолет 	462362 мертва 		 Koord 7613700	4980447
Самолет 	efcc5e	12		 Koord 5558000	4263000		Speed 138	136	Ttl47
К.ракета 	93edab	16		 Koord 6732000	5643000		Speed -279	-263	Ttl33
К.ракета 	09e2f5 мертва 		 Koord 4373030	2432040
Бал.блок 	1a0543 мертва 		 Koord 7201384	4074344
К.ракета 	5a2d59	10		 Koord 6193000	3969000		Speed 717	458	Ttl82
К.ракета 	dcce6b	14		 Koord 6511000	5713000		Speed -498	-680	Ttl59
К.ракета 	da8486 мертва 		 Koord 8366276	2025792
Самолет 	e199a5	4		 Koord 8285000	7173000		Speed -32	-71	Ttl201
Бал.блок 	a3baf9 мертва 		 Koord 4706773	2429372
Самолет 	ff8b6d	7		 Koord 9882000	6723000		Speed -31	-162	Ttl45
К.ракета 	bad7c0 мертва 		 Koord 6834795	7119785
Бал.блок 	a93a7c	20		 Koord 7764000	8719000		Speed -5985	-6700	Ttl194
К.ракета 	bcc1e8 мертва 		 Koord 9167557	6586179
К.ракета 	9ac0e0	26		 Koord 6228000	6935000		Speed 489	-375	Ttl67
К.ракета 	caff8f мертва 		 Koord 8489120	3695816
Самолет 	bd13f7	25		 Koord 4277000	2711000		Speed 233	8	Ttl135
К.ракета 	93edab мертва 		 Koord 6722793	5634321
Самолет 	6a94f1	16		 Koord 10106000	2589000		Speed -96	73	Ttl13
Бал.блок 	f582b0 мертва 		 Koord 5788386	2387028
Бал.блок 	ba4a88	19		 Koord 2120000	111000		Speed 7516	5028	Ttl166
Бал.блок 	75245f мертва 		 Koord 4507696	1597536
К.ракета 	78c95e мертва 		 Koord 9912500	4023260
К.ракета 	394be2	21		 Koord 3206000	2124000		Speed 733	303	Ttl149
К.ракета 	08dc16	27		 Koord 8406000	2418000		Speed -712	627	Ttl143
Самолет 	efcc5e мертва 		 Koord 5564486	4269392
Самолет 	6a94f1 мертва 		 Koord 10104752	2589949
Самолет 	fcd162	12		 Koord 5739000	6399000		Speed 37	-58	Ttl178
Самолет 	b77c92	16		 Koord 4764000	6396000		Speed 107	-148	Ttl53
К.ракета 	dc446c мертва 		 Koord 7897611	2335416
Бал.блок 	66a648	23		 Koord 2966000	1515000		Speed 7458	3170	Ttl166
Самолет 	ff8b6d мертва 		 Koord 9880605	6715710
К.ракета 	b68885	7		 Koord 9717000	5377000		Speed -275	-906	Ttl48
Бал.блок 	47b9ca мертва 		 Koord 6490200	5943860
К.ракета 	dcce6b мертва 		 Koord 6481618	5672880
Бал.блок 	6cd5a3	13		 Koord 7621000	4550000		Speed -8513	4222	Ttl104
К.ракета 	b7f1df	14		 Koord 4839000	6846000		Speed 629	-462	Ttl93
Самолет 	daaf59 мертва 		 Koord 6783060	5082744
Бал.блок 	c2c273	18		 Koord 7471000	6217000		Speed -9057	1504	Ttl51
Самолет 	45a276 мертва 		 Koord 2862096	2284160
К.ракета 	fd48fc	28		 Koord 9267000	3833000		Speed -408	200	Ttl121
Самолет 	5be071 мертва 		 Koord 9322625	3172170
Бал.блок 	fb83a4 мертва 		 Koord 3404220	2161683
К.ракета 	3d371e	6		 Koord 2785000	6265000		Speed 346	-189	Ttl47
Бал.блок 	46a901	11		 Koord 6721000	2922000		Speed -8113	4361	Ttl34
Самолет 	ac1921 мертва 		 Koord 10078041	2355007
Бал.блок 	64b6f6	0		 Koord 8325000	6679000		Speed 8086	-1259	Ttl228
К.ракета 	fb543a мертва 		 Koord 9527369	6961883
К.ракета 	0b1af0	17		 Koord 5935000	3950000		Speed 813	118	Ttl92
К.ракета 	d331e5 мертва 		 Koord 4137800	6260615
К.ракета 	c0effa	8		 Koord 8159000	2870000		Speed -356	58	Ttl209
Самолет 	04b260 мертва 		 Koord 8284080	5739360
Бал.блок 	3ccb41	9		 Koord 8411000	5680000		Speed 4854	-6539	Ttl119
К.ракета 	5a2d59 мертва 		 Koord 6251794	4006556
Самолет 	54b1ee	10		 Koord 9228000	4137000		Speed -62	40	Ttl148
Бал.блок 	9b2191 мертва 		 Koord 8087210	6571292
К.ракета 	9ac0e0 мертва 		 Koord 6260763	6909875
Бал.блок 	2a157c	24		 Koord 5457000	599000		Speed -4534	6631	Ttl173
Бал.блок 	9f0f41 мертва 		 Koord 5317500	6517700
Самолет 	782ed7	26		 Koord 3399000	5816000		Speed 68	-39	Ttl105
Бал.блок 	3ebea0	5		 Koord 8387000	396000		Speed -4455	7228	Ttl117
Бал.блок 	799e9a мертва 		 Koord 10124232	725816
К.ракета 	71ced9	3		 Koord 4706000	5149000		Speed 340	-47	Ttl191
Самолет 	b77c92 мертва 		 Koord 4769671	6388156
Самолет 	d83a4a	16		 Koord 6085000	3309000		Speed 23	51	Ttl111
Бал.блок 	46a901 мертва 		 Koord 6445158	3070274
Самолет 	7d133d	11		 Koord 6733000	4669000		Speed -66	-69	Ttl100
К.ракета 	367fae мертва 		 Koord 3246530	3654060
К.ракета 	b68885 мертва 		 Koord 9703800	5333512
К.ракета 	786064	22		 Koord 5298000	3951000		Speed 828	205	Ttl187
Самолет 	997027	7		 Koord 7303000	3050000		Speed -184	100	Ttl39
К.ракета 	786064 уничт. 		 Koord 5300484	3951615
Самолет 	18d19e	22		 Koord 4970000	5764000		Speed 121	-101	Ttl134
Бал.блок 	c2c273 мертва 		 Koord 7009093	6293704
К.ракета 	3d371e мертва 		 Koord 2801262	6256117
К.ракета 	1e1e92	18		 Koord 9085000	4062000		Speed -196	630	Ttl191
Самолет 	08df9c	6		 Koord 3509000	5332000		Speed 151	-74	Ttl178
Самолет 	beaa53 мертва 		 Koord 6193800	5574776
Самолет 	abb741	1		 Koord 3356000	4138000		Speed 44	36	Ttl35
