sort: cannot read: ./temp/ZRDN3_state3.log: No such file or directory
grep: ./temp/ZRDN3_state2.log: No such file or directory
grep: ./temp/ZRDN3_state1.log: No such file or directory
grep: ./temp/ZRDN3_state2.log: No such file or directory
grep: ./temp/ZRDN3_state2.log: No such file or directory
---new_ammunition_callback
new 0
old 1
---new_ammunition_callback
new 0
old 1
---new_ammunition_callback
new 0
old 1
---new_ammunition_callback
new 1
old 1
ls: cannot access '/tmp/GenTargets/Targets/87e36dd66352dc3eee': No such file or directory
ls: cannot access '/tmp/GenTargets/Targets/7cf444e028c27c6566': No such file or directory
ls: cannot access '/tmp/GenTargets/Targets/6fb9ad12a3762c5d92': No such file or directory
ls: cannot access '/tmp/GenTargets/Targets/5df0f73e8db3bbbb27': No such file or directory
ls: cannot access '/tmp/GenTargets/Targets/fbbc415c3b188a05d3': No such file or directory
ls: cannot access '/tmp/GenTargets/Targets/5e3e5631ed812f6143': No such file or directory
